<?xml version="1.0" encoding="UTF-8"?>
<!-- Generated by org.testng.reporters.JUnitXMLReporter -->
<testsuite ignored="0" hostname="DESKTOP-3CPGL4F" failures="1" tests="1" name="Default test" time="1.556" errors="0" timestamp="10 Sept 2024 17:01:33 GMT">
  <testcase classname="io.cucumber.testng.AbstractTestNGCucumberTests" name="runScenario" time="0.192">
    <failure type="java.io.FileNotFoundException" message="C:\Users\K\Downloads\Compressed\SeleniumFrameworkDesign\SeleniumFrameworkDesign\src\main\java\rahulshettyacademy\resources\GlobalData.properties (The system cannot find the file specified)">
      <![CDATA[java.io.FileNotFoundException: C:\Users\K\Downloads\Compressed\SeleniumFrameworkDesign\SeleniumFrameworkDesign\src\main\java\rahulshettyacademy\resources\GlobalData.properties (The system cannot find the file specified)
at java.base/java.io.FileInputStream.open0(Native Method)
at java.base/java.io.FileInputStream.open(FileInputStream.java:213)
at java.base/java.io.FileInputStream.<init>(FileInputStream.java:152)
at java.base/java.io.FileInputStream.<init>(FileInputStream.java:106)
at rahulshettyacademy.TestComponents.BaseTest.initializeDriver(BaseTest.java:44)
at rahulshettyacademy.TestComponents.BaseTest.launchApplication(BaseTest.java:109)
at rahulshettyacademy.stepDefinitions.StepDefinitionImpl.I_landed_on_Ecommerce_Page(StepDefinitionImpl.java:27)
at ✽.I landed on Ecommerce Page(file:///C:/Users/K/Downloads/Compressed/SeleniumFrameworkDesign/SeleniumFrameworkDesign/src/test/java/cucumber/SubmitOrder.feature:7)
]]>
    </failure>
  </testcase> <!-- runScenario -->
</testsuite> <!-- Default test -->
